HBuilder/app/build/outputs/logs/manifest-merger-debug-report.txt
-- Merging decision tree log ---
manifest
ADDED from src\main\AndroidManifest.xml:2:1-506:12
INJECTED from src\main\AndroidManifest.xml:2:1-506:12
INJECTED from src\main\AndroidManifest.xml:2:1-506:12
INJECTED from src\main\AndroidManifest.xml:2:1-506:12
MERGED from [amap-libs-release.aar] AndroidManifest.xml:2:1-11:12
MERGED from [aps-dhPush-release.aar] AndroidManifest.xml:2:1-11:12
MERGED from [aps-igexin-release.aar] AndroidManifest.xml:2:1-11:12
MERGED from [aps-release.aar] AndroidManifest.xml:2:1-15:12
MERGED from [aps-xiaomi-release.aar] AndroidManifest.xml:2:1-11:12
MERGED from [audio-mp3aac-release.aar] AndroidManifest.xml:2:1-9:12
MERGED from [baidu-libs-release.aar] AndroidManifest.xml:2:1-10:12
MERGED from [Bluetooth-release.aar] AndroidManifest.xml:2:1-11:12
MERGED from [contacts-release.aar] AndroidManifest.xml:2:1-11:12
MERGED from [fingerprint-release.aar] AndroidManifest.xml:2:1-13:12
MERGED from [gallery-dmcBig-release.aar] AndroidManifest.xml:2:1-22:12
MERGED from [geolocation-amap-release.aar] AndroidManifest.xml:2:1-11:12
MERGED from [geolocation-baidu-release.aar] AndroidManifest.xml:2:1-11:12
MERGED from [iBeacon-release.aar] AndroidManifest.xml:2:1-11:12
MERGED from [lib.5plus.base-release.aar] AndroidManifest.xml:2:1-237:12
MERGED from [map-amap-release.aar] AndroidManifest.xml:2:1-12:12
MERGED from [map-baidu-release.aar] AndroidManifest.xml:2:1-12:12
MERGED from [media-livepusher-release.aar] AndroidManifest.xml:2:1-11:12
MERGED from [media-release.aar] AndroidManifest.xml:2:1-11:12
MERGED from [messaging-release.aar] AndroidManifest.xml:2:1-11:12
MERGED from [oauth-miui-release.aar] AndroidManifest.xml:2:1-11:12
MERGED from [oauth-qq-release.aar] AndroidManifest.xml:2:1-11:12
MERGED from [oauth-sina-release.aar] AndroidManifest.xml:2:1-11:12
MERGED from [oauth-weixin-release.aar] AndroidManifest.xml:2:1-11:12
MERGED from [payment-alipay-release.aar] AndroidManifest.xml:2:1-11:12
MERGED from [payment-weixin-release.aar] AndroidManifest.xml:2:1-11:12
MERGED from [share-qq-release.aar] AndroidManifest.xml:2:1-11:12
MERGED from [share-sina-release.aar] AndroidManifest.xml:2:1-11:12
MERGED from [share-tencent-release.aar] AndroidManifest.xml:2:1-11:12
MERGED from [share-weixin-release.aar] AndroidManifest.xml:2:1-11:12
MERGED from [sina-libs-release.aar] AndroidManifest.xml:2:1-11:12
MERGED from [speech-release.aar] AndroidManifest.xml:2:1-9:12
MERGED from [speech_baidu-release.aar] AndroidManifest.xml:2:1-11:12
MERGED from [speech_ifly-release.aar] AndroidManifest.xml:2:1-12:12
MERGED from [sqlite-release.aar] AndroidManifest.xml:2:1-9:12
MERGED from [statistics-umeng-release.aar] AndroidManifest.xml:2:1-11:12
MERGED from [uniapp-release.aar] AndroidManifest.xml:20:1-37:12
MERGED from [com.android.support:multidex:1.0.2] AndroidManifest.xml:17:1-22:12
MERGED from [com.android.support:appcompat-v7:26.1.0] AndroidManifest.xml:17:1-31:12
MERGED from [com.android.support.constraint:constraint-layout:1.1.3] AndroidManifest.xml:2:1-11:12
MERGED from [com.android.support:recyclerview-v7:26.1.0] AndroidManifest.xml:17:1-28:12
MERGED from [com.alibaba.android:bindingx-core:1.0.3] AndroidManifest.xml:2:1-11:12
MERGED from [com.alibaba.android:bindingx_weex_plugin:1.0.3] AndroidManifest.xml:2:1-21:12
MERGED from [com.facebook.fresco:fresco:1.13.0] AndroidManifest.xml:2:1-9:12
MERGED from [com.facebook.fresco:animated-gif:1.13.0] AndroidManifest.xml:2:1-9:12
MERGED from [com.github.bumptech.glide:glide:4.9.0] AndroidManifest.xml:2:1-12:12
MERGED from [com.github.bumptech.glide:gifdecoder:4.9.0] AndroidManifest.xml:2:1-11:12
MERGED from [com.android.support:support-v4:26.1.0] AndroidManifest.xml:17:1-31:12
MERGED from [com.android.support:support-fragment:27.1.1] AndroidManifest.xml:17:1-22:12
MERGED from [com.android.support:support-media-compat:26.1.0] AndroidManifest.xml:17:1-31:12
MERGED from [com.android.support:animated-vector-drawable:27.1.1] AndroidManifest.xml:17:1-22:12
MERGED from [com.android.support:support-vector-drawable:27.1.1] AndroidManifest.xml:17:1-22:12
MERGED from [com.android.support:support-core-ui:27.1.1] AndroidManifest.xml:17:1-22:12
MERGED from [com.android.support:support-core-utils:27.1.1] AndroidManifest.xml:17:1-22:12
MERGED from [com.android.support:support-compat:27.1.1] AndroidManifest.xml:17:1-22:12
MERGED from [com.facebook.fresco:animated-base:1.13.0] AndroidManifest.xml:2:1-9:12
MERGED from [com.facebook.fresco:animated-drawable:1.13.0] AndroidManifest.xml:2:1-9:12
MERGED from [com.facebook.fresco:drawee:1.13.0] AndroidManifest.xml:2:1-9:12
MERGED from [com.facebook.fresco:nativeimagefilters:1.13.0] AndroidManifest.xml:2:1-9:12
MERGED from [com.facebook.fresco:imagepipeline:1.13.0] AndroidManifest.xml:2:1-9:12
MERGED from [com.facebook.fresco:nativeimagetranscoder:1.13.0] AndroidManifest.xml:2:1-9:12
MERGED from [com.facebook.fresco:imagepipeline-base:1.13.0] AndroidManifest.xml:2:1-9:12
MERGED from [com.facebook.fresco:fbcore:1.13.0] AndroidManifest.xml:2:1-9:12
MERGED from [com.facebook.soloader:soloader:0.6.0] AndroidManifest.xml:2:1-13:12
MERGED from [android.arch.lifecycle:runtime:1.1.0] AndroidManifest.xml:17:1-22:12
MERGED from [android.arch.lifecycle:livedata-core:1.1.0] AndroidManifest.xml:17:1-22:12
MERGED from [android.arch.lifecycle:viewmodel:1.1.0] AndroidManifest.xml:17:1-22:12
MERGED from [android.arch.core:runtime:1.1.0] AndroidManifest.xml:17:1-22:12
INJECTED from src\main\AndroidManifest.xml:2:1-506:12
INJECTED from src\main\AndroidManifest.xml:2:1-506:12
INJECTED from src\main\AndroidManifest.xml:2:1-506:12
	package
		ADDED from src\main\AndroidManifest.xml:4:5-33
		INJECTED from src\main\AndroidManifest.xml
		INJECTED from src\main\AndroidManifest.xml
	android:versionName
		INJECTED from src\main\AndroidManifest.xml
		ADDED from src\main\AndroidManifest.xml:2:1-506:12
		INJECTED from src\main\AndroidManifest.xml
	xmlns:tools
		ADDED from src\main\AndroidManifest.xml:3:5-51
	android:versionCode
		INJECTED from src\main\AndroidManifest.xml
		ADDED from src\main\AndroidManifest.xml:2:1-506:12
		INJECTED from src\main\AndroidManifest.xml
	xmlns:android
		ADDED from src\main\AndroidManifest.xml:2:11-69
uses-permission#android.permission.CAMERA
ADDED from src\main\AndroidManifest.xml:7:5-65
	android:name
		ADDED from src\main\AndroidManifest.xml:7:22-62
uses-permission#android.permission.WRITE_EXTERNAL_STORAGE
ADDED from src\main\AndroidManifest.xml:8:5-81
MERGED from [lib.5plus.base-release.aar] AndroidManifest.xml:16:5-81
MERGED from [lib.5plus.base-release.aar] AndroidManifest.xml:16:5-81
	android:name
		ADDED from src\main\AndroidManifest.xml:8:22-78
uses-feature#android.hardware.camera
ADDED from src\main\AndroidManifest.xml:9:5-60
	android:name
		ADDED from src\main\AndroidManifest.xml:9:19-57
uses-feature#android.hardware.camera.autofocus
ADDED from src\main\AndroidManifest.xml:10:5-70
	android:name
		ADDED from src\main\AndroidManifest.xml:10:19-67
uses-permission#android.permission.VIBRATE
ADDED from src\main\AndroidManifest.xml:11:5-66
	android:name
		ADDED from src\main\AndroidManifest.xml:11:22-63
uses-permission#android.permission.FLASHLIGHT
ADDED from src\main\AndroidManifest.xml:12:5-69
	android:name
		ADDED from src\main\AndroidManifest.xml:12:22-66
uses-permission#android.permission.USE_FINGERPRINT
ADDED from src\main\AndroidManifest.xml:15:5-73
MERGED from [fingerprint-release.aar] AndroidManifest.xml:9:5-74
MERGED from [fingerprint-release.aar] AndroidManifest.xml:9:5-74
	android:name
		ADDED from src\main\AndroidManifest.xml:15:22-71
uses-permission#android.permission.INTERNET
ADDED from src\main\AndroidManifest.xml:19:5-67
MERGED from [lib.5plus.base-release.aar] AndroidManifest.xml:17:5-67
MERGED from [lib.5plus.base-release.aar] AndroidManifest.xml:17:5-67
	android:name
		ADDED from src\main\AndroidManifest.xml:19:22-64
uses-permission#android.permission.ACCESS_COARSE_LOCATION
ADDED from src\main\AndroidManifest.xml:21:5-81
	android:name
		ADDED from src\main\AndroidManifest.xml:21:22-78
uses-permission#android.permission.ACCESS_FINE_LOCATION
ADDED from src\main\AndroidManifest.xml:22:5-79
	android:name
		ADDED from src\main\AndroidManifest.xml:22:22-76
uses-permission#android.permission.WRITE_SETTINGS
ADDED from src\main\AndroidManifest.xml:23:5-73
	android:name
		ADDED from src\main\AndroidManifest.xml:23:22-70
uses-permission#android.permission.ACCESS_NETWORK_STATE
ADDED from src\main\AndroidManifest.xml:24:5-79
MERGED from [lib.5plus.base-release.aar] AndroidManifest.xml:18:5-79
MERGED from [lib.5plus.base-release.aar] AndroidManifest.xml:18:5-79
	android:name
		ADDED from src\main\AndroidManifest.xml:24:22-76
uses-permission#android.permission.CHANGE_WIFI_STATE
ADDED from src\main\AndroidManifest.xml:25:5-76
	android:name
		ADDED from src\main\AndroidManifest.xml:25:22-73
uses-permission#android.permission.READ_PHONE_STATE
ADDED from src\main\AndroidManifest.xml:26:5-75
	android:name
		ADDED from src\main\AndroidManifest.xml:26:22-72
uses-permission#android.permission.MOUNT_UNMOUNT_FILESYSTEMS
ADDED from src\main\AndroidManifest.xml:27:5-84
	android:name
		ADDED from src\main\AndroidManifest.xml:27:22-81
uses-permission#android.permission.READ_LOGS
ADDED from src\main\AndroidManifest.xml:28:5-68
	android:name
		ADDED from src\main\AndroidManifest.xml:28:22-65
uses-permission#android.permission.WAKE_LOCK
ADDED from src\main\AndroidManifest.xml:64:5-68
	android:name
		ADDED from src\main\AndroidManifest.xml:64:22-65
uses-permission#android.permission.RECEIVE_BOOT_COMPLETED
ADDED from src\main\AndroidManifest.xml:65:5-81
	android:name
		ADDED from src\main\AndroidManifest.xml:65:22-78
uses-permission#android.permission.ACCESS_WIFI_STATE
ADDED from src\main\AndroidManifest.xml:68:5-76
	android:name
		ADDED from src\main\AndroidManifest.xml:68:22-73
uses-permission#android.permission.CALL_PHONE
ADDED from src\main\AndroidManifest.xml:69:5-69
	android:name
		ADDED from src\main\AndroidManifest.xml:69:22-66
uses-permission#getui.permission.GetuiService.com.HBuilder.integrate
ADDED from src\main\AndroidManifest.xml:70:5-92
	android:name
		ADDED from src\main\AndroidManifest.xml:70:22-89
permission#getui.permission.GetuiService.com.HBuilder.integrate
ADDED from src\main\AndroidManifest.xml:72:5-74:44
	android:protectionLevel
		ADDED from src\main\AndroidManifest.xml:74:9-41
	android:name
		ADDED from src\main\AndroidManifest.xml:73:9-76
uses-permission#android.permission.ACCESS_MOCK_LOCATION
ADDED from src\main\AndroidManifest.xml:89:5-79
	android:name
		ADDED from src\main\AndroidManifest.xml:89:22-76
uses-permission#android.permission.MODIFY_AUDIO_SETTINGS
ADDED from src\main\AndroidManifest.xml:91:5-80
	android:name
		ADDED from src\main\AndroidManifest.xml:91:22-77
uses-permission#android.permission.RECORD_AUDIO
ADDED from src\main\AndroidManifest.xml:99:5-71
	android:name
		ADDED from src\main\AndroidManifest.xml:99:22-68
uses-permission#android.permission.CHANGE_NETWORK_STATE
ADDED from src\main\AndroidManifest.xml:102:5-79
	android:name
		ADDED from src\main\AndroidManifest.xml:102:22-76
uses-permission#android.permission.RECEIVE_USER_PRESENT
ADDED from src\main\AndroidManifest.xml:111:5-79
	android:name
		ADDED from src\main\AndroidManifest.xml:111:22-76
uses-permission#com.xiaomi.permission.AUTH_SERVICE
ADDED from src\main\AndroidManifest.xml:115:5-74
	android:name
		ADDED from src\main\AndroidManifest.xml:115:22-71
uses-permission#android.permission.BLUETOOTH_ADMIN
ADDED from src\main\AndroidManifest.xml:120:5-74
	android:name
		ADDED from src\main\AndroidManifest.xml:120:22-71
uses-permission#android.permission.BLUETOOTH
ADDED from src\main\AndroidManifest.xml:121:5-68
	android:name
		ADDED from src\main\AndroidManifest.xml:121:22-65
uses-permission#android.permission.GET_TASKS
ADDED from src\main\AndroidManifest.xml:124:5-68
	android:name
		ADDED from src\main\AndroidManifest.xml:124:22-65
uses-permission#android.permission.READ_CONTACTS
ADDED from src\main\AndroidManifest.xml:126:5-72
	android:name
		ADDED from src\main\AndroidManifest.xml:126:22-69
uses-permission#android.permission.WRITE_CONTACTS
ADDED from src\main\AndroidManifest.xml:129:5-73
	android:name
		ADDED from src\main\AndroidManifest.xml:129:22-70
uses-permission#android.permission.GET_ACCOUNTS
ADDED from src\main\AndroidManifest.xml:131:5-71
	android:name
		ADDED from src\main\AndroidManifest.xml:131:22-68
uses-permission#android.permission.SEND_SMS
ADDED from src\main\AndroidManifest.xml:133:5-67
	android:name
		ADDED from src\main\AndroidManifest.xml:133:22-64
uses-permission#android.permission.WRITE_SMS
ADDED from src\main\AndroidManifest.xml:137:5-68
	android:name
		ADDED from src\main\AndroidManifest.xml:137:22-65
uses-permission#android.permission.READ_SMS
ADDED from src\main\AndroidManifest.xml:138:5-67
	android:name
		ADDED from src\main\AndroidManifest.xml:138:22-64
application
ADDED from src\main\AndroidManifest.xml:140:5-504:19
MERGED from [amap-libs-release.aar] AndroidManifest.xml:9:5-20
MERGED from [amap-libs-release.aar] AndroidManifest.xml:9:5-20
MERGED from [aps-dhPush-release.aar] AndroidManifest.xml:9:5-20
MERGED from [aps-dhPush-release.aar] AndroidManifest.xml:9:5-20
MERGED from [aps-igexin-release.aar] AndroidManifest.xml:9:5-20
MERGED from [aps-igexin-release.aar] AndroidManifest.xml:9:5-20
MERGED from [aps-release.aar] AndroidManifest.xml:9:5-13:19
MERGED from [aps-release.aar] AndroidManifest.xml:9:5-13:19
MERGED from [aps-xiaomi-release.aar] AndroidManifest.xml:9:5-20
MERGED from [aps-xiaomi-release.aar] AndroidManifest.xml:9:5-20
MERGED from [audio-mp3aac-release.aar] AndroidManifest.xml:7:5-20
MERGED from [audio-mp3aac-release.aar] AndroidManifest.xml:7:5-20
MERGED from [baidu-libs-release.aar] AndroidManifest.xml:8:5-20
MERGED from [baidu-libs-release.aar] AndroidManifest.xml:8:5-20
MERGED from [Bluetooth-release.aar] AndroidManifest.xml:9:5-20
MERGED from [Bluetooth-release.aar] AndroidManifest.xml:9:5-20
MERGED from [contacts-release.aar] AndroidManifest.xml:9:5-20
MERGED from [contacts-release.aar] AndroidManifest.xml:9:5-20
MERGED from [fingerprint-release.aar] AndroidManifest.xml:11:5-20
MERGED from [fingerprint-release.aar] AndroidManifest.xml:11:5-20
MERGED from [gallery-dmcBig-release.aar] AndroidManifest.xml:9:5-20:19
MERGED from [gallery-dmcBig-release.aar] AndroidManifest.xml:9:5-20:19
MERGED from [geolocation-amap-release.aar] AndroidManifest.xml:9:5-20
MERGED from [geolocation-amap-release.aar] AndroidManifest.xml:9:5-20
MERGED from [geolocation-baidu-release.aar] AndroidManifest.xml:9:5-20
MERGED from [geolocation-baidu-release.aar] AndroidManifest.xml:9:5-20
MERGED from [iBeacon-release.aar] AndroidManifest.xml:9:5-20
MERGED from [iBeacon-release.aar] AndroidManifest.xml:9:5-20
MERGED from [lib.5plus.base-release.aar] AndroidManifest.xml:58:5-235:19
MERGED from [lib.5plus.base-release.aar] AndroidManifest.xml:58:5-235:19
MERGED from [map-amap-release.aar] AndroidManifest.xml:9:5-10:19
MERGED from [map-amap-release.aar] AndroidManifest.xml:9:5-10:19
MERGED from [map-baidu-release.aar] AndroidManifest.xml:9:5-10:19
MERGED from [map-baidu-release.aar] AndroidManifest.xml:9:5-10:19
MERGED from [media-livepusher-release.aar] AndroidManifest.xml:9:5-20
MERGED from [media-livepusher-release.aar] AndroidManifest.xml:9:5-20
MERGED from [media-release.aar] AndroidManifest.xml:9:5-20
MERGED from [media-release.aar] AndroidManifest.xml:9:5-20
MERGED from [messaging-release.aar] AndroidManifest.xml:9:5-20
MERGED from [messaging-release.aar] AndroidManifest.xml:9:5-20
MERGED from [oauth-miui-release.aar] AndroidManifest.xml:9:5-20
MERGED from [oauth-miui-release.aar] AndroidManifest.xml:9:5-20
MERGED from [oauth-qq-release.aar] AndroidManifest.xml:9:5-20
MERGED from [oauth-qq-release.aar] AndroidManifest.xml:9:5-20
MERGED from [oauth-sina-release.aar] AndroidManifest.xml:9:5-20
MERGED from [oauth-sina-release.aar] AndroidManifest.xml:9:5-20
MERGED from [oauth-weixin-release.aar] AndroidManifest.xml:9:5-20
MERGED from [oauth-weixin-release.aar] AndroidManifest.xml:9:5-20
MERGED from [payment-alipay-release.aar] AndroidManifest.xml:9:5-20
MERGED from [payment-alipay-release.aar] AndroidManifest.xml:9:5-20
MERGED from [payment-weixin-release.aar] AndroidManifest.xml:9:5-20
MERGED from [payment-weixin-release.aar] AndroidManifest.xml:9:5-20
MERGED from [share-qq-release.aar] AndroidManifest.xml:9:5-20
MERGED from [share-qq-release.aar] AndroidManifest.xml:9:5-20
MERGED from [share-sina-release.aar] AndroidManifest.xml:9:5-20
MERGED from [share-sina-release.aar] AndroidManifest.xml:9:5-20
MERGED from [share-tencent-release.aar] AndroidManifest.xml:9:5-20
MERGED from [share-tencent-release.aar] AndroidManifest.xml:9:5-20
MERGED from [share-weixin-release.aar] AndroidManifest.xml:9:5-20
MERGED from [share-weixin-release.aar] AndroidManifest.xml:9:5-20
MERGED from [sina-libs-release.aar] AndroidManifest.xml:9:5-20
MERGED from [sina-libs-release.aar] AndroidManifest.xml:9:5-20
MERGED from [speech-release.aar] AndroidManifest.xml:7:5-20
MERGED from [speech-release.aar] AndroidManifest.xml:7:5-20
MERGED from [speech_baidu-release.aar] AndroidManifest.xml:9:5-20
MERGED from [speech_baidu-release.aar] AndroidManifest.xml:9:5-20
MERGED from [speech_ifly-release.aar] AndroidManifest.xml:9:5-10:19
MERGED from [speech_ifly-release.aar] AndroidManifest.xml:9:5-10:19
MERGED from [statistics-umeng-release.aar] AndroidManifest.xml:9:5-20
MERGED from [statistics-umeng-release.aar] AndroidManifest.xml:9:5-20
MERGED from [uniapp-release.aar] AndroidManifest.xml:29:5-35:19
MERGED from [uniapp-release.aar] AndroidManifest.xml:29:5-35:19
MERGED from [com.android.support:appcompat-v7:26.1.0] AndroidManifest.xml:25:5-29:19
MERGED from [com.android.support:appcompat-v7:26.1.0] AndroidManifest.xml:25:5-29:19
MERGED from [com.android.support.constraint:constraint-layout:1.1.3] AndroidManifest.xml:9:5-20
MERGED from [com.android.support.constraint:constraint-layout:1.1.3] AndroidManifest.xml:9:5-20
MERGED from [com.android.support:recyclerview-v7:26.1.0] AndroidManifest.xml:22:5-26:19
MERGED from [com.android.support:recyclerview-v7:26.1.0] AndroidManifest.xml:22:5-26:19
MERGED from [com.alibaba.android:bindingx_weex_plugin:1.0.3] AndroidManifest.xml:9:5-19:19
MERGED from [com.alibaba.android:bindingx_weex_plugin:1.0.3] AndroidManifest.xml:9:5-19:19
MERGED from [com.github.bumptech.glide:glide:4.9.0] AndroidManifest.xml:10:5-20
MERGED from [com.github.bumptech.glide:glide:4.9.0] AndroidManifest.xml:10:5-20
MERGED from [com.github.bumptech.glide:gifdecoder:4.9.0] AndroidManifest.xml:9:5-20
MERGED from [com.github.bumptech.glide:gifdecoder:4.9.0] AndroidManifest.xml:9:5-20
MERGED from [com.android.support:support-v4:26.1.0] AndroidManifest.xml:25:5-29:19
MERGED from [com.android.support:support-v4:26.1.0] AndroidManifest.xml:25:5-29:19
MERGED from [com.android.support:support-media-compat:26.1.0] AndroidManifest.xml:25:5-29:19
MERGED from [com.android.support:support-media-compat:26.1.0] AndroidManifest.xml:25:5-29:19
MERGED from [com.facebook.soloader:soloader:0.6.0] AndroidManifest.xml:11:5-20
MERGED from [com.facebook.soloader:soloader:0.6.0] AndroidManifest.xml:11:5-20
	android:supportsRtl
		ADDED from [lib.5plus.base-release.aar] AndroidManifest.xml:60:9-35
	android:label
		ADDED from src\main\AndroidManifest.xml:144:9-29
	android:allowClearUserData
		ADDED from src\main\AndroidManifest.xml:142:9-42
	android:debuggable
		ADDED from src\main\AndroidManifest.xml:146:9-34
	android:largeHeap
		ADDED from src\main\AndroidManifest.xml:145:9-33
	android:icon
		ADDED from src\main\AndroidManifest.xml:143:9-38
	android:usesCleartextTraffic
		ADDED from [lib.5plus.base-release.aar] AndroidManifest.xml:61:9-44
	android:name
		ADDED from src\main\AndroidManifest.xml:141:9-63
activity#io.dcloud.PandoraEntry
ADDED from src\main\AndroidManifest.xml:149:9-162:20
	android:screenOrientation
		ADDED from src\main\AndroidManifest.xml:156:13-45
	android:label
		ADDED from src\main\AndroidManifest.xml:152:13-45
	android:launchMode
		ADDED from src\main\AndroidManifest.xml:153:13-44
	android:hardwareAccelerated
		ADDED from src\main\AndroidManifest.xml:154:13-47
	android:windowSoftInputMode
		ADDED from src\main\AndroidManifest.xml:157:13-55
	android:configChanges
		ADDED from src\main\AndroidManifest.xml:151:13-83
	android:theme
		ADDED from src\main\AndroidManifest.xml:155:13-52
	android:name
		ADDED from src\main\AndroidManifest.xml:150:13-50
intent-filter#action:name:android.intent.action.MAIN+category:name:android.intent.category.LAUNCHER
ADDED from src\main\AndroidManifest.xml:158:13-161:29
action#android.intent.action.MAIN
ADDED from src\main\AndroidManifest.xml:159:17-69
	android:name
		ADDED from src\main\AndroidManifest.xml:159:25-66
category#android.intent.category.LAUNCHER
ADDED from src\main\AndroidManifest.xml:160:17-77
	android:name
		ADDED from src\main\AndroidManifest.xml:160:27-74
meta-data#UMENG_APPKEY
ADDED from src\main\AndroidManifest.xml:168:9-170:56
	android:value
		ADDED from src\main\AndroidManifest.xml:170:13-53
	android:name
		ADDED from src\main\AndroidManifest.xml:169:13-40
meta-data#UMENG_CHANNEL
ADDED from src\main\AndroidManifest.xml:171:9-173:42
	android:value
		ADDED from src\main\AndroidManifest.xml:173:13-39
	android:name
		ADDED from src\main\AndroidManifest.xml:172:13-41
provider#io.dcloud.common.util.DCloud_FileProvider
ADDED from src\main\AndroidManifest.xml:176:9-184:20
	android:grantUriPermissions
		ADDED from src\main\AndroidManifest.xml:180:13-47
	android:authorities
		ADDED from src\main\AndroidManifest.xml:178:13-69
	android:exported
		ADDED from src\main\AndroidManifest.xml:179:13-37
	android:name
		ADDED from src\main\AndroidManifest.xml:177:13-69
meta-data#android.support.FILE_PROVIDER_PATHS
ADDED from src\main\AndroidManifest.xml:181:13-183:64
	android:resource
		ADDED from src\main\AndroidManifest.xml:183:17-61
	android:name
		ADDED from src\main\AndroidManifest.xml:182:17-67
meta-data#com.baidu.lbsapi.API_KEY
ADDED from src\main\AndroidManifest.xml:188:9-190:55
	android:value
		ADDED from src\main\AndroidManifest.xml:190:13-53
	android:name
		ADDED from src\main\AndroidManifest.xml:189:13-52
service#com.baidu.location.f
ADDED from src\main\AndroidManifest.xml:192:9-195:40
	android:process
		ADDED from src\main\AndroidManifest.xml:195:13-38
	android:enabled
		ADDED from src\main\AndroidManifest.xml:194:13-35
	android:name
		ADDED from src\main\AndroidManifest.xml:193:13-48
meta-data#QQ_APPID
ADDED from src\main\AndroidManifest.xml:202:9-204:42
	android:value
		ADDED from src\main\AndroidManifest.xml:204:13-39
	android:name
		ADDED from src\main\AndroidManifest.xml:203:13-36
activity#com.tencent.tauth.AuthActivity
ADDED from src\main\AndroidManifest.xml:206:9-218:20
	android:launchMode
		ADDED from src\main\AndroidManifest.xml:208:13-44
	android:noHistory
		ADDED from src\main\AndroidManifest.xml:209:13-37
	android:name
		ADDED from src\main\AndroidManifest.xml:207:13-58
intent-filter#action:name:android.intent.action.VIEW+category:name:android.intent.category.BROWSABLE+category:name:android.intent.category.DEFAULT+data:scheme:1104455702
ADDED from src\main\AndroidManifest.xml:210:13-217:29
action#android.intent.action.VIEW
ADDED from src\main\AndroidManifest.xml:211:17-69
	android:name
		ADDED from src\main\AndroidManifest.xml:211:25-66
category#android.intent.category.DEFAULT
ADDED from src\main\AndroidManifest.xml:213:17-76
	android:name
		ADDED from src\main\AndroidManifest.xml:213:27-73
category#android.intent.category.BROWSABLE
ADDED from src\main\AndroidManifest.xml:214:17-78
	android:name
		ADDED from src\main\AndroidManifest.xml:214:27-75
data
ADDED from src\main\AndroidManifest.xml:216:17-53
	android:scheme
		ADDED from src\main\AndroidManifest.xml:216:23-50
activity#com.tencent.connect.common.AssistActivity
ADDED from src\main\AndroidManifest.xml:219:9-222:75
	android:screenOrientation
		ADDED from src\main\AndroidManifest.xml:221:13-49
	android:theme
		ADDED from src\main\AndroidManifest.xml:222:13-72
	android:name
		ADDED from src\main\AndroidManifest.xml:220:13-69
meta-data#IFLY_APPKEY
ADDED from src\main\AndroidManifest.xml:236:9-238:40
	android:value
		ADDED from src\main\AndroidManifest.xml:238:13-37
	android:name
		ADDED from src\main\AndroidManifest.xml:237:13-39
meta-data#PUSH_APPID
ADDED from src\main\AndroidManifest.xml:248:9-250:54
	android:value
		ADDED from src\main\AndroidManifest.xml:250:13-51
	android:name
		ADDED from src\main\AndroidManifest.xml:249:13-38
meta-data#PUSH_APPKEY
ADDED from src\main\AndroidManifest.xml:251:9-253:54
	android:value
		ADDED from src\main\AndroidManifest.xml:253:13-51
	android:name
		ADDED from src\main\AndroidManifest.xml:252:13-39
meta-data#PUSH_APPSECRET
ADDED from src\main\AndroidManifest.xml:254:9-256:54
	android:value
		ADDED from src\main\AndroidManifest.xml:256:13-51
	android:name
		ADDED from src\main\AndroidManifest.xml:255:13-42
service#com.igexin.sdk.PushService
ADDED from src\main\AndroidManifest.xml:258:9-266:19
	android:process
		ADDED from src\main\AndroidManifest.xml:262:35-65
	android:label
		ADDED from src\main\AndroidManifest.xml:261:13-47
	android:exported
		ADDED from src\main\AndroidManifest.xml:260:13-36
	android:permission
		ADDED from src\main\AndroidManifest.xml:262:13-34
	android:name
		ADDED from src\main\AndroidManifest.xml:259:13-54
intent-filter#action:name:com.igexin.sdk.action.service.message
ADDED from src\main\AndroidManifest.xml:263:13-265:29
action#com.igexin.sdk.action.service.message
ADDED from src\main\AndroidManifest.xml:264:17-80
	android:name
		ADDED from src\main\AndroidManifest.xml:264:25-77
receiver#com.igexin.sdk.PushReceiver
ADDED from src\main\AndroidManifest.xml:268:9-278:20
	android:name
		ADDED from src\main\AndroidManifest.xml:268:19-61
intent-filter#action:name:android.intent.action.ACTION_POWER_CONNECTED+action:name:android.intent.action.ACTION_POWER_DISCONNECTED+action:name:android.intent.action.BOOT_COMPLETED+action:name:android.intent.action.MEDIA_MOUNTED+action:name:android.intent.action.USER_PRESENT+action:name:android.net.conn.CONNECTIVITY_CHANGE+action:name:com.igexin.sdk.action.refreshls
ADDED from src\main\AndroidManifest.xml:269:13-277:29
action#android.intent.action.BOOT_COMPLETED
ADDED from src\main\AndroidManifest.xml:270:17-79
	android:name
		ADDED from src\main\AndroidManifest.xml:270:25-76
action#android.net.conn.CONNECTIVITY_CHANGE
ADDED from src\main\AndroidManifest.xml:271:17-79
	android:name
		ADDED from src\main\AndroidManifest.xml:271:25-76
action#android.intent.action.USER_PRESENT
ADDED from src\main\AndroidManifest.xml:272:17-77
	android:name
		ADDED from src\main\AndroidManifest.xml:272:25-74
action#com.igexin.sdk.action.refreshls
ADDED from src\main\AndroidManifest.xml:273:17-74
	android:name
		ADDED from src\main\AndroidManifest.xml:273:25-71
action#android.intent.action.MEDIA_MOUNTED
ADDED from src\main\AndroidManifest.xml:274:17-78
	android:name
		ADDED from src\main\AndroidManifest.xml:274:25-75
action#android.intent.action.ACTION_POWER_CONNECTED
ADDED from src\main\AndroidManifest.xml:275:17-87
	android:name
		ADDED from src\main\AndroidManifest.xml:275:25-84
action#android.intent.action.ACTION_POWER_DISCONNECTED
ADDED from src\main\AndroidManifest.xml:276:17-90
	android:name
		ADDED from src\main\AndroidManifest.xml:276:25-87
activity#com.igexin.sdk.PushActivity
ADDED from src\main\AndroidManifest.xml:280:9-286:75
	android:process
		ADDED from src\main\AndroidManifest.xml:284:13-43
	android:excludeFromRecents
		ADDED from src\main\AndroidManifest.xml:282:13-46
	android:exported
		ADDED from src\main\AndroidManifest.xml:283:13-37
	android:theme
		ADDED from src\main\AndroidManifest.xml:286:13-72
	android:taskAffinity
		ADDED from src\main\AndroidManifest.xml:285:13-67
	android:name
		ADDED from src\main\AndroidManifest.xml:281:13-55
activity#com.igexin.sdk.GActivity
ADDED from src\main\AndroidManifest.xml:287:9-293:75
	android:process
		ADDED from src\main\AndroidManifest.xml:291:13-43
	android:excludeFromRecents
		ADDED from src\main\AndroidManifest.xml:289:13-46
	android:exported
		ADDED from src\main\AndroidManifest.xml:290:13-36
	android:theme
		ADDED from src\main\AndroidManifest.xml:293:13-72
	android:taskAffinity
		ADDED from src\main\AndroidManifest.xml:292:13-67
	android:name
		ADDED from src\main\AndroidManifest.xml:288:13-52
receiver#io.dcloud.feature.apsGt.GTNotificationReceiver
ADDED from src\main\AndroidManifest.xml:295:9-303:20
	android:name
		ADDED from src\main\AndroidManifest.xml:295:19-80
intent-filter#action:name:android.intent.action.BOOT_COMPLETED+action:name:io.dcloud.HBuilder.__CLEAR_NOTIFICATION+action:name:io.dcloud.HBuilder.__CLILK_NOTIFICATION+action:name:io.dcloud.HBuilder.__CREATE_NOTIFICATION+action:name:io.dcloud.HBuilder.__REMOVE_NOTIFICATION
ADDED from src\main\AndroidManifest.xml:296:13-302:29
action#io.dcloud.HBuilder.__CREATE_NOTIFICATION
ADDED from src\main\AndroidManifest.xml:298:17-83
	android:name
		ADDED from src\main\AndroidManifest.xml:298:25-80
action#io.dcloud.HBuilder.__REMOVE_NOTIFICATION
ADDED from src\main\AndroidManifest.xml:299:17-83
	android:name
		ADDED from src\main\AndroidManifest.xml:299:25-80
action#io.dcloud.HBuilder.__CLEAR_NOTIFICATION
ADDED from src\main\AndroidManifest.xml:300:17-82
	android:name
		ADDED from src\main\AndroidManifest.xml:300:25-79
action#io.dcloud.HBuilder.__CLILK_NOTIFICATION
ADDED from src\main\AndroidManifest.xml:301:17-82
	android:name
		ADDED from src\main\AndroidManifest.xml:301:25-79
service#io.dcloud.feature.apsGt.GTNormalIntentService
ADDED from src\main\AndroidManifest.xml:304:9-305:75
	android:name
		ADDED from src\main\AndroidManifest.xml:305:13-73
service#io.dcloud.feature.apsGt.GTNormalPushService
ADDED from src\main\AndroidManifest.xml:306:9-310:76
	android:process
		ADDED from src\main\AndroidManifest.xml:310:35-65
	android:label
		ADDED from src\main\AndroidManifest.xml:309:13-40